<?xml version="1.0" encoding="UTF-8"?>
<!-- Generated by org.testng.reporters.JUnitReportReporter -->
<testsuite hostname="THEPACKS" failures="0" tests="2" name="qaclickacademy.RESTAPITest" time="0.031" errors="0" timestamp="2020-04-18T17:53:05 IST" skipped="0">
  <testcase classname="qaclickacademy.RESTAPITest" name="postJira" time="0.016"/>
  <system-out/>
  <testcase classname="qaclickacademy.RESTAPITest" name="deleteTwitter" time="0.015"/>
  <system-out/>
</testsuite> <!-- qaclickacademy.RESTAPITest -->
