<?xml version="1.0" encoding="UTF-8"?>
<!-- Generated by org.testng.reporters.JUnitReportReporter -->
<testsuite hostname="THEPACKS" failures="0" tests="2" name="qaclickacademy.AppiumTest" time="0.015" errors="0" timestamp="2020-04-18T17:52:40 IST" skipped="0">
  <testcase classname="qaclickacademy.AppiumTest" name="nativeAPIAndroid" time="0.000"/>
  <system-out/>
  <testcase classname="qaclickacademy.AppiumTest" name="iosApp" time="0.015"/>
  <system-out/>
</testsuite> <!-- qaclickacademy.AppiumTest -->
