<?xml version="1.0" encoding="UTF-8"?>
<!-- Generated by org.testng.reporters.JUnitReportReporter -->
<testsuite hostname="THEPACKS" failures="0" tests="2" name="qaclickacademy.seleniumTest" time="0.000" errors="0" timestamp="2020-04-18T17:53:05 IST" skipped="0">
  <testcase classname="qaclickacademy.seleniumTest" name="browserTesing" time="0.000"/>
  <system-out/>
  <testcase classname="qaclickacademy.seleniumTest" name="elementUi" time="0.000"/>
  <system-out/>
</testsuite> <!-- qaclickacademy.seleniumTest -->
